[
  {
    "game": "Tiny Towns",
    "from": "kultgames",
    "newPrice": "",
    "newStock": "",
    "oldPrice": "44.95",
    "oldStock": "deliveryin 1 to 2 weeks time"
  },
  {
    "game": "Tiny Towns",
    "from": "gameplay",
    "newPrice": "",
    "newStock": "",
    "oldPrice": "54.95",
    "oldStock": "restock"
  },
  {
    "game": "Tiny Towns",
    "from": "jogonamesa",
    "newPrice": "",
    "newStock": "",
    "oldPrice": "46.97",
    "oldStock": "em26 dias"
  },
  {
    "game": "Tiny Towns",
    "from": "dracotienda",
    "newPrice": "",
    "newStock": "",
    "oldPrice": "35.99",
    "oldStock": "fuera de stock"
  },
  {
    "game": "Tiny Towns",
    "from": "gglounge",
    "newPrice": "",
    "newStock": "",
    "oldPrice": "40.39",
    "oldStock": "only3 left in stock"
  },
  {
    "game": "Tiny Towns",
    "from": "saltadacaixa",
    "newPrice": "",
    "newStock": "",
    "oldPrice": "39.95",
    "oldStock": "esgotado"
  },
  {
    "game": "Tiny Towns",
    "from": "jubilantsunday",
    "newPrice": "",
    "newStock": "",
    "oldPrice": "34.18",
    "oldStock": "em stock"
  },
  {
    "game": "Tiny Towns",
    "from": "amazon",
    "newPrice": "",
    "newStock": "",
    "oldPrice": "50.41",
    "oldStock": "produtosob pedido"
  }
]