[
  {
    "game": "A Feast for Odin",
    "from": "arenaporto",
    "newPrice": "147.59",
    "newStock": " esgotado",
    "oldPrice": "147.59",
    "oldStock": "esgotado"
  },
  {
    "game": "Agricola EN",
    "from": "jogonamesa",
    "newPrice": "46.92",
    "newStock": "esgotado",
    "oldPrice": "49.36",
    "oldStock": "em 31 dias"
  },
  {
    "game": "Agricola EN",
    "from": "arenaporto",
    "newPrice": "61.99",
    "newStock": " esgotado",
    "oldPrice": "61.99",
    "oldStock": "esgotado"
  },
  {
    "game": "Agricola PT",
    "from": "gameplay",
    "newPrice": "",
    "newStock": "",
    "oldPrice": "43.60",
    "oldStock": "esgotado"
  },
  {
    "game": "Agricola PT",
    "from": "jogonamesa",
    "newPrice": "46.92",
    "newStock": "esgotado",
    "oldPrice": "49.36",
    "oldStock": "em 31 dias"
  },
  {
    "game": "Anno 1800",
    "from": "jogonamesa",
    "newPrice": "46.71",
    "newStock": "em 23 dias",
    "oldPrice": "39.51",
    "oldStock": "em 31 dias"
  },
  {
    "game": "Anno 1800",
    "from": "dracotienda",
    "newPrice": "40.50",
    "newStock": "  disponible",
    "oldPrice": "40.50",
    "oldStock": "disponible"
  },
  {
    "game": "Anno 1800",
    "from": "planetongames",
    "newPrice": "40.50",
    "newStock": "ltimas unidades en stock",
    "oldPrice": "40.50",
    "oldStock": "producto en stock"
  },
  {
    "game": "Anno 1800",
    "from": "amazon",
    "newPrice": "58.10",
    "newStock": "em stock",
    "oldPrice": "59.90",
    "oldStock": "em stock"
  },
  {
    "game": "Barrage",
    "from": "gameplay",
    "newPrice": "69.95",
    "newStock": "restock",
    "oldPrice": "69.95",
    "oldStock": "ltima unidade em stock"
  },
  {
    "game": "Barrage",
    "from": "arenaporto",
    "newPrice": "79.99",
    "newStock": " esgotado",
    "oldPrice": "75.99",
    "oldStock": "ltimos artigos em stock"
  },
  {
    "game": "Barrage",
    "from": "jogonamesa",
    "newPrice": "62.53",
    "newStock": "em 23 dias",
    "oldPrice": "65.00",
    "oldStock": "imediata"
  },
  {
    "game": "Barrage",
    "from": "dracotienda",
    "newPrice": "67.50",
    "newStock": "  disponible",
    "oldPrice": "67.50",
    "oldStock": "disponible"
  },
  {
    "game": "Barrage",
    "from": "planetongames",
    "newPrice": "67.50",
    "newStock": "ltimas unidades en stock",
    "oldPrice": "67.50",
    "oldStock": "no disponible"
  },
  {
    "game": "Barrage",
    "from": "jubilantsunday",
    "newPrice": "67.86",
    "newStock": " em stock",
    "oldPrice": "54.27",
    "oldStock": "em stock"
  },
  {
    "game": "Barrage",
    "from": "saltadacaixa",
    "newPrice": "69.95",
    "newStock": " em stock",
    "oldPrice": "69.95",
    "oldStock": "em stock"
  },
  {
    "game": "Calimala",
    "from": "dracotienda",
    "newPrice": "44.95",
    "newStock": "  ltimas unidades en stock",
    "oldPrice": "44.95",
    "oldStock": "ltimas unidades en stock"
  },
  {
    "game": "Calimala",
    "from": "amazon",
    "newPrice": "49.95",
    "newStock": "apenas 4 em stock",
    "oldPrice": "49.95",
    "oldStock": "apenas 5 em stock"
  },
  {
    "game": "Champions of Midgard",
    "from": "dracotienda",
    "newPrice": "54.95",
    "newStock": "  fuera de stock",
    "oldPrice": "54.95",
    "oldStock": "fuera de stock"
  },
  {
    "game": "Champions of Midgard: The Dark Mountains",
    "from": "dracotienda",
    "newPrice": "24.95",
    "newStock": "  fuera de stock",
    "oldPrice": "24.95",
    "oldStock": "fuera de stock"
  },
  {
    "game": "Champions of Midgard: Valhalla",
    "from": "dracotienda",
    "newPrice": "29.95",
    "newStock": "  fuera de stock",
    "oldPrice": "29.95",
    "oldStock": "fuera de stock"
  },
  {
    "game": "Curious Cargo",
    "from": "jogonamesa",
    "newPrice": "30.82",
    "newStock": "em 30 dias",
    "oldPrice": "30.82",
    "oldStock": "em 18 dias"
  },
  {
    "game": "Curious Cargo",
    "from": "dracotienda",
    "newPrice": "34.95",
    "newStock": "  disponible",
    "oldPrice": "34.95",
    "oldStock": "disponible"
  },
  {
    "game": "Curious Cargo",
    "from": "jubilantsunday",
    "newPrice": "29.37",
    "newStock": " em stock",
    "oldPrice": "29.37",
    "oldStock": "em stock"
  },
  {
    "game": "Custom Heroes",
    "from": "amazon",
    "newPrice": "",
    "newStock": "",
    "oldPrice": "46.00",
    "oldStock": "estimativa de envio de 6 a 10 dias"
  },
  {
    "game": "Dice Forge EN",
    "from": "gameplay",
    "newPrice": "49.99",
    "newStock": "restock",
    "oldPrice": "49.99",
    "oldStock": "ltima unidade em stock"
  },
  {
    "game": "Dice Forge EN",
    "from": "jogonamesa",
    "newPrice": "37.10",
    "newStock": "esgotado",
    "oldPrice": "38.66",
    "oldStock": "em 31 dias"
  },
  {
    "game": "Dice Forge PT/ES",
    "from": "gameplay",
    "newPrice": "39.99",
    "newStock": "restock",
    "oldPrice": "39.99",
    "oldStock": "ltima unidade em stock"
  },
  {
    "game": "Dice Forge PT/ES",
    "from": "dracotienda",
    "newPrice": "39.95",
    "newStock": "  fuera de stock",
    "oldPrice": "39.95",
    "oldStock": "fuera de stock"
  },
  {
    "game": "Dice Forge PT/ES",
    "from": "saltadacaixa",
    "newPrice": "39.95",
    "newStock": "esgotado",
    "oldPrice": "39.95",
    "oldStock": "em stock"
  },
  {
    "game": "Dice Hospital",
    "from": "jogonamesa",
    "newPrice": "47.15",
    "newStock": "esgotado",
    "oldPrice": "47.15",
    "oldStock": "em 31 dias"
  },
  {
    "game": "Dice Hospital",
    "from": "amazon",
    "newPrice": "47.78",
    "newStock": "em stock",
    "oldPrice": "48.06",
    "oldStock": "apenas 2 em stock"
  },
  {
    "game": "Fantastic Factories",
    "from": "gameplay",
    "newPrice": "40.95",
    "newStock": "esgotado",
    "oldPrice": "38.95",
    "oldStock": "esgotado"
  },
  {
    "game": "Fantastic Factories",
    "from": "dracotienda",
    "newPrice": "39.99",
    "newStock": "  fuera de stock",
    "oldPrice": "39.99",
    "oldStock": "fuera de stock"
  },
  {
    "game": "Fantastic Factories",
    "from": "amazon",
    "newPrice": "67.25",
    "newStock": "estimativa de envio de 5 a 6 dias",
    "oldPrice": "47.20",
    "oldStock": "apenas 1 em stock"
  },
  {
    "game": "Five Tribes",
    "from": "arenaporto",
    "newPrice": "92.24",
    "newStock": " ltimos artigos em stock",
    "oldPrice": "43.99",
    "oldStock": "esgotado"
  },
  {
    "game": "Five Tribes",
    "from": "jogonamesa",
    "newPrice": "47.84",
    "newStock": "esgotado",
    "oldPrice": "47.84",
    "oldStock": "em 31 dias"
  },
  {
    "game": "Five Tribes",
    "from": "dracotienda",
    "newPrice": "48.95",
    "newStock": "  fuera de stock",
    "oldPrice": "48.95",
    "oldStock": "fuera de stock"
  },
  {
    "game": "Five Tribes",
    "from": "amazon",
    "newPrice": "57.89",
    "newStock": "em stock",
    "oldPrice": "46.45",
    "oldStock": "em stock"
  },
  {
    "game": "Flash Point: Fire Rescue",
    "from": "gameplay",
    "newPrice": "44.99",
    "newStock": "restock",
    "oldPrice": "41.99",
    "oldStock": "ltima unidade em stock"
  },
  {
    "game": "Flash Point: Fire Rescue",
    "from": "jogonamesa",
    "newPrice": "31.20",
    "newStock": "esgotado",
    "oldPrice": "33.50",
    "oldStock": "esgotado"
  },
  {
    "game": "Flash Point: Fire Rescue",
    "from": "dracotienda",
    "newPrice": "32.95",
    "newStock": "  fuera de stock",
    "oldPrice": "32.95",
    "oldStock": "fuera de stock"
  },
  {
    "game": "Flash Point: Fire Rescue",
    "from": "amazon",
    "newPrice": "50.05",
    "newStock": "estimativa de envio de 2 a 3 dias",
    "oldPrice": "50.86",
    "oldStock": "em stock"
  },
  {
    "game": "Furnace",
    "from": "gameplay",
    "newPrice": "27.50",
    "newStock": "restock",
    "oldPrice": "27.50",
    "oldStock": "ltima unidade em stock"
  },
  {
    "game": "Furnace",
    "from": "jogonamesa",
    "newPrice": "31.50",
    "newStock": "em 22 dias",
    "oldPrice": "26.06",
    "oldStock": "em 17 dias"
  },
  {
    "game": "Furnace",
    "from": "dracotienda",
    "newPrice": "24.30",
    "newStock": "  disponible",
    "oldPrice": "24.30",
    "oldStock": "disponible"
  },
  {
    "game": "Furnace",
    "from": "saltadacaixa",
    "newPrice": "26.95",
    "newStock": " em stock  ",
    "oldPrice": "26.95",
    "oldStock": "em stock"
  },
  {
    "game": "Furnace",
    "from": "jubilantsunday",
    "newPrice": "24.99",
    "newStock": " em stock",
    "oldPrice": "24.99",
    "oldStock": "em stock"
  },
  {
    "game": "Gods Love Dinosaurs",
    "from": "gameplay",
    "newPrice": "41.99",
    "newStock": "ltima unidade em stock",
    "oldPrice": "37.99",
    "oldStock": "ltima unidade em stock"
  },
  {
    "game": "Gods Love Dinosaurs",
    "from": "jogonamesa",
    "newPrice": "",
    "newStock": "",
    "oldPrice": "30.57",
    "oldStock": "esgotado"
  },
  {
    "game": "Gods Love Dinosaurs",
    "from": "dracotienda",
    "newPrice": "37.99",
    "newStock": "  disponible",
    "oldPrice": "37.99",
    "oldStock": "disponible"
  },
  {
    "game": "Grand Austria Hotel",
    "from": "gameplay",
    "newPrice": "72.99",
    "newStock": "em stock",
    "oldPrice": "49.99",
    "oldStock": "esgotado"
  },
  {
    "game": "Grand Austria Hotel",
    "from": "jogonamesa",
    "newPrice": "53.32",
    "newStock": "esgotado",
    "oldPrice": "41.07",
    "oldStock": "esgotado"
  },
  {
    "game": "Grand Austria Hotel",
    "from": "dracotienda",
    "newPrice": "",
    "newStock": "",
    "oldPrice": "37.95",
    "oldStock": "fuera de stock"
  },
  {
    "game": "Grand Austria Hotel",
    "from": "jubilantsunday",
    "newPrice": "38.44",
    "newStock": " esgotado",
    "oldPrice": "38.44",
    "oldStock": "esgotado"
  },
  {
    "game": "Great Western Trail",
    "from": "arenaporto",
    "newPrice": "54.99",
    "newStock": " esgotado",
    "oldPrice": "54.99",
    "oldStock": "esgotado"
  },
  {
    "game": "Great Western Trail",
    "from": "jogonamesa",
    "newPrice": "37.46",
    "newStock": "esgotado",
    "oldPrice": "34.08",
    "oldStock": "esgotado"
  },
  {
    "game": "Great Western Trail",
    "from": "dracotienda",
    "newPrice": "40.46",
    "newStock": "  fuera de stock",
    "oldPrice": "40.46",
    "oldStock": "fuera de stock"
  },
  {
    "game": "Great Western Trail 2nd edition",
    "from": "jogonamesa",
    "newPrice": "42.40",
    "newStock": "em 23 dias",
    "oldPrice": "37.27",
    "oldStock": "esgotado"
  },
  {
    "game": "Great Western Trail 2nd edition",
    "from": "dracotienda",
    "newPrice": "44.99",
    "newStock": "  fuera de stock",
    "oldPrice": "44.99",
    "oldStock": "fuera de stock"
  },
  {
    "game": "Great Western Trail: Rails to the North",
    "from": "gameplay",
    "newPrice": "29.99",
    "newStock": "esgotado",
    "oldPrice": "29.99",
    "oldStock": "ltima unidade em stock"
  },
  {
    "game": "Great Western Trail: Rails to the North",
    "from": "dracotienda",
    "newPrice": "26.95",
    "newStock": "  fuera de stock",
    "oldPrice": "26.95",
    "oldStock": "fuera de stock"
  },
  {
    "game": "Hadara",
    "from": "gameplay",
    "newPrice": "44.99",
    "newStock": "ltima unidade em stock",
    "oldPrice": "43.64",
    "oldStock": "ltima unidade em stock"
  },
  {
    "game": "Hadara",
    "from": "arenaporto",
    "newPrice": "55.34",
    "newStock": " ltimos artigos em stock",
    "oldPrice": "55.34",
    "oldStock": "ltimos artigos em stock"
  },
  {
    "game": "Hadara",
    "from": "jogonamesa",
    "newPrice": "42.00",
    "newStock": "imediata",
    "oldPrice": "41.00",
    "oldStock": "imediata"
  },
  {
    "game": "Hadara",
    "from": "dracotienda",
    "newPrice": "40.50",
    "newStock": "  disponible",
    "oldPrice": "40.50",
    "oldStock": "disponible"
  },
  {
    "game": "Hadara",
    "from": "saltadacaixa",
    "newPrice": "44.95",
    "newStock": " em stock  ",
    "oldPrice": "44.95",
    "oldStock": "em stock"
  },
  {
    "game": "Hadara",
    "from": "jubilantsunday",
    "newPrice": "41.60",
    "newStock": " em stock",
    "oldPrice": "41.60",
    "oldStock": "em stock"
  },
  {
    "game": "Hadara",
    "from": "amazon",
    "newPrice": "",
    "newStock": "",
    "oldPrice": "42.75",
    "oldStock": "produto sob pedido"
  },
  {
    "game": "Machi Koro 2",
    "from": "gameplay",
    "newPrice": "29.95",
    "newStock": "ltima unidade em stock",
    "oldPrice": "29.95",
    "oldStock": "em stock"
  },
  {
    "game": "Machi Koro 2",
    "from": "arenaporto",
    "newPrice": "29.99",
    "newStock": " ltimos artigos em stock",
    "oldPrice": "29.99",
    "oldStock": "ltimos artigos em stock"
  },
  {
    "game": "Machi Koro 2",
    "from": "jogonamesa",
    "newPrice": "14.80",
    "newStock": "em 23 dias",
    "oldPrice": "27.14",
    "oldStock": "em 31 dias"
  },
  {
    "game": "Machi Koro 2",
    "from": "gglounge",
    "newPrice": "28.90",
    "newStock": "only 1 left in stock",
    "oldPrice": "28.90",
    "oldStock": "only 2 left in stock"
  },
  {
    "game": "Machi Koro 2",
    "from": "juegosdelamesaredonda",
    "newPrice": "24.25",
    "newStock": "en reposicin",
    "oldPrice": "24.25",
    "oldStock": "en stock"
  },
  {
    "game": "Machi Koro 2",
    "from": "saltadacaixa",
    "newPrice": "30.95",
    "newStock": " em stock",
    "oldPrice": "30.95",
    "oldStock": "em stock"
  },
  {
    "game": "New York Zoo",
    "from": "gameplay",
    "newPrice": "35.90",
    "newStock": "restock",
    "oldPrice": "35.90",
    "oldStock": "ltima unidade em stock"
  },
  {
    "game": "New York Zoo",
    "from": "jogonamesa",
    "newPrice": "27.34",
    "newStock": "em 23 dias",
    "oldPrice": "25.11",
    "oldStock": "em 31 dias"
  },
  {
    "game": "New York Zoo",
    "from": "dracotienda",
    "newPrice": "31.50",
    "newStock": "  fuera de stock",
    "oldPrice": "31.50",
    "oldStock": "ltimas unidades en stock"
  },
  {
    "game": "New York Zoo",
    "from": "gglounge",
    "newPrice": "29.90",
    "newStock": "out of stock",
    "oldPrice": "29.90",
    "oldStock": "only 2 left in stock"
  },
  {
    "game": "New York Zoo",
    "from": "saltadacaixa",
    "newPrice": "35.95",
    "newStock": " em stock",
    "oldPrice": "35.95",
    "oldStock": "em stock"
  },
  {
    "game": "New York Zoo",
    "from": "amazon",
    "newPrice": "",
    "newStock": "",
    "oldPrice": "36.95",
    "oldStock": "apenas 1 em stock"
  },
  {
    "game": "Obsession",
    "from": "gameplay",
    "newPrice": "87.95",
    "newStock": "em stock",
    "oldPrice": "84.95",
    "oldStock": "esgotado"
  },
  {
    "game": "Port Royal",
    "from": "arenaporto",
    "newPrice": "14.99",
    "newStock": " esgotado",
    "oldPrice": "14.99",
    "oldStock": "esgotado"
  },
  {
    "game": "Port Royal",
    "from": "jogonamesa",
    "newPrice": "12.00",
    "newStock": "imediata",
    "oldPrice": "11.81",
    "oldStock": "em 17 dias"
  },
  {
    "game": "Port Royal",
    "from": "saltadacaixa",
    "newPrice": "15.95",
    "newStock": "esgotado",
    "oldPrice": "14.36",
    "oldStock": "em stock"
  },
  {
    "game": "Port Royal",
    "from": "jubilantsunday",
    "newPrice": "9.32",
    "newStock": " em stock",
    "oldPrice": "9.32",
    "oldStock": "em stock"
  },
  {
    "game": "Port Royal",
    "from": "amazon",
    "newPrice": "19.76",
    "newStock": "em stock",
    "oldPrice": "18.99",
    "oldStock": "em stock"
  },
  {
    "game": "Port Royal BIG BOX (preferred)",
    "from": "gameplay",
    "newPrice": "24.99",
    "newStock": "restock",
    "oldPrice": "24.99",
    "oldStock": "em stock"
  },
  {
    "game": "Port Royal BIG BOX (preferred)",
    "from": "arenaporto",
    "newPrice": "25.99",
    "newStock": " esgotado",
    "oldPrice": "25.99",
    "oldStock": "esgotado"
  },
  {
    "game": "Port Royal BIG BOX (preferred)",
    "from": "jogonamesa",
    "newPrice": "22.46",
    "newStock": "em 9 dias",
    "oldPrice": "21.85",
    "oldStock": "em 46 dias"
  },
  {
    "game": "Port Royal BIG BOX (preferred)",
    "from": "diver",
    "newPrice": "25.99",
    "newStock": "brevemente disponvel",
    "oldPrice": "25.99",
    "oldStock": "disponvel"
  },
  {
    "game": "Port Royal BIG BOX (preferred)",
    "from": "saltadacaixa",
    "newPrice": "25.95",
    "newStock": " em stock",
    "oldPrice": "25.95",
    "oldStock": "em stock"
  },
  {
    "game": "Port Royal BIG BOX (preferred)",
    "from": "amazon",
    "newPrice": "",
    "newStock": "",
    "oldPrice": "26.12",
    "oldStock": "em stock"
  },
  {
    "game": "Raiders of the North Sea",
    "from": "gameplay",
    "newPrice": "62.95",
    "newStock": "em stock",
    "oldPrice": "53.95",
    "oldStock": "restock"
  },
  {
    "game": "Raiders of the North Sea",
    "from": "arenaporto",
    "newPrice": "59.99",
    "newStock": " esgotado",
    "oldPrice": "59.99",
    "oldStock": "esgotado"
  },
  {
    "game": "Raiders of the North Sea",
    "from": "jogonamesa",
    "newPrice": "54.52",
    "newStock": "esgotado",
    "oldPrice": "48.59",
    "oldStock": "em 18 dias"
  },
  {
    "game": "Raiders of the North Sea",
    "from": "dracotienda",
    "newPrice": "59.95",
    "newStock": "  ltimas unidades en stock",
    "oldPrice": "50.95",
    "oldStock": "fuera de stock"
  },
  {
    "game": "Raiders of the North Sea",
    "from": "saltadacaixa",
    "newPrice": "60.95",
    "newStock": " em stock",
    "oldPrice": "54.95",
    "oldStock": "em stock"
  },
  {
    "game": "Rocketmen",
    "from": "versusgamecenter",
    "newPrice": "",
    "newStock": "",
    "oldPrice": "34.90",
    "oldStock": "disponvel"
  },
  {
    "game": "Rocketmen",
    "from": "arenaporto",
    "newPrice": "39.99",
    "newStock": " esgotado",
    "oldPrice": "39.99",
    "oldStock": "esgotado"
  },
  {
    "game": "Rocketmen",
    "from": "jogonamesa",
    "newPrice": "28.00",
    "newStock": "em 30 dias",
    "oldPrice": "30.27",
    "oldStock": "em 18 dias"
  },
  {
    "game": "Rocketmen",
    "from": "dracotienda",
    "newPrice": "31.45",
    "newStock": "  ltimas unidades en stock",
    "oldPrice": "31.45",
    "oldStock": "ltimas unidades en stock"
  },
  {
    "game": "Rocketmen",
    "from": "saltadacaixa",
    "newPrice": "34.95",
    "newStock": " em stock",
    "oldPrice": "34.95",
    "oldStock": "em stock"
  },
  {
    "game": "Rocketmen",
    "from": "jubilantsunday",
    "newPrice": "29.16",
    "newStock": " em stock",
    "oldPrice": "29.16",
    "oldStock": "em stock"
  },
  {
    "game": "Space Base",
    "from": "gameplay",
    "newPrice": "51.95",
    "newStock": "em stock",
    "oldPrice": "43.99",
    "oldStock": "em stock"
  },
  {
    "game": "Space Base",
    "from": "jogonamesa",
    "newPrice": "41.20",
    "newStock": "esgotado",
    "oldPrice": "37.83",
    "oldStock": "esgotado"
  },
  {
    "game": "Space Base",
    "from": "dracotienda",
    "newPrice": "39.99",
    "newStock": "  fuera de stock",
    "oldPrice": "39.99",
    "oldStock": "fuera de stock"
  },
  {
    "game": "Space Base",
    "from": "jubilantsunday",
    "newPrice": "35.44",
    "newStock": " em stock",
    "oldPrice": "35.44",
    "oldStock": "em stock"
  },
  {
    "game": "Space Base",
    "from": "amazon",
    "newPrice": "44.95",
    "newStock": "apenas 1 em stock",
    "oldPrice": "47.11",
    "oldStock": "apenas 1 em stock"
  },
  {
    "game": "The Quacks of Quedlinburg",
    "from": "gameplay",
    "newPrice": "49.95",
    "newStock": "esgotado",
    "oldPrice": "49.95",
    "oldStock": "em stock"
  },
  {
    "game": "The Quacks of Quedlinburg",
    "from": "jogonamesa",
    "newPrice": "36.54",
    "newStock": "esgotado",
    "oldPrice": "45.00",
    "oldStock": "imediata"
  },
  {
    "game": "The Quacks of Quedlinburg",
    "from": "gglounge",
    "newPrice": "39.90",
    "newStock": "only 2 left in stock",
    "oldPrice": "39.90",
    "oldStock": "in stock"
  },
  {
    "game": "Tiny Towns",
    "from": "jogonamesa",
    "newPrice": "37.76",
    "newStock": "esgotado",
    "oldPrice": "35.90",
    "oldStock": "esgotado"
  },
  {
    "game": "Tiny Towns",
    "from": "dracotienda",
    "newPrice": "35.99",
    "newStock": "  fuera de stock",
    "oldPrice": "35.99",
    "oldStock": "fuera de stock"
  },
  {
    "game": "Tiny Towns",
    "from": "jubilantsunday",
    "newPrice": "34.18",
    "newStock": " em stock",
    "oldPrice": "34.18",
    "oldStock": "em stock"
  },
  {
    "game": "Tiny Towns",
    "from": "amazon",
    "newPrice": "53.15",
    "newStock": "em stock",
    "oldPrice": "53.03",
    "oldStock": "em stock"
  },
  {
    "game": "Troyes",
    "from": "gameplay",
    "newPrice": "62.95",
    "newStock": "restock",
    "oldPrice": "62.95",
    "oldStock": "ltima unidade em stock"
  },
  {
    "game": "Troyes",
    "from": "jogonamesa",
    "newPrice": "36.46",
    "newStock": "esgotado",
    "oldPrice": "34.04",
    "oldStock": "esgotado"
  },
  {
    "game": "Troyes",
    "from": "dracotienda",
    "newPrice": "54.99",
    "newStock": "  disponible",
    "oldPrice": "54.99",
    "oldStock": "disponible"
  },
  {
    "game": "Troyes",
    "from": "jubilantsunday",
    "newPrice": "40.52",
    "newStock": " em stock",
    "oldPrice": "40.52",
    "oldStock": "em stock"
  },
  {
    "game": "Tungaru",
    "from": "jogonamesa",
    "newPrice": "29.32",
    "newStock": "em 22 dias",
    "oldPrice": "29.32",
    "oldStock": "em 17 dias"
  },
  {
    "game": "Wingspan: Oceania Expansion",
    "from": "jogonamesa",
    "newPrice": "25.89",
    "newStock": "em 30 dias",
    "oldPrice": "24.14",
    "oldStock": "em 18 dias"
  },
  {
    "game": "Wingspan: Oceania Expansion",
    "from": "jubilantsunday",
    "newPrice": "24.74",
    "newStock": " em stock",
    "oldPrice": "24.74",
    "oldStock": "em stock"
  },
  {
    "game": "7 Wonders",
    "from": "kultgames",
    "newPrice": "54.95",
    "newStock": "delivery in 1 to 2 weeks time",
    "oldPrice": "54.95",
    "oldStock": "in stock"
  },
  {
    "game": "7 Wonders",
    "from": "versusgamecenter",
    "newPrice": "",
    "newStock": "",
    "oldPrice": "50.90",
    "oldStock": "temporariamente esgotado"
  },
  {
    "game": "7 Wonders",
    "from": "gameplay",
    "newPrice": "44.95",
    "newStock": "restock",
    "oldPrice": "44.95",
    "oldStock": "em stock"
  },
  {
    "game": "7 Wonders",
    "from": "arenaporto",
    "newPrice": "49.99",
    "newStock": " esgotado",
    "oldPrice": "49.99",
    "oldStock": "esgotado"
  },
  {
    "game": "7 Wonders",
    "from": "jogonamesa",
    "newPrice": "38.24",
    "newStock": "esgotado",
    "oldPrice": "44.00",
    "oldStock": "imediata"
  },
  {
    "game": "7 Wonders",
    "from": "diver",
    "newPrice": "44.99",
    "newStock": "disponvel",
    "oldPrice": "44.99",
    "oldStock": "encomenda ao fornecedor"
  },
  {
    "game": "7 Wonders",
    "from": "dracotienda",
    "newPrice": "47.99",
    "newStock": "  disponible",
    "oldPrice": "44.99",
    "oldStock": "ltimas unidades en stock"
  },
  {
    "game": "7 Wonders",
    "from": "planetongames",
    "newPrice": "47.99",
    "newStock": "no disponible",
    "oldPrice": "44.99",
    "oldStock": "ltimas unidades en stock"
  },
  {
    "game": "7 Wonders",
    "from": "amazon",
    "newPrice": "50.67",
    "newStock": "en stock",
    "oldPrice": "51.93",
    "oldStock": "en stock"
  },
  {
    "game": "Anachrony EN",
    "from": "arenaporto",
    "newPrice": "68.87",
    "newStock": " ltimos artigos em stock",
    "oldPrice": "68.87",
    "oldStock": "ltimos artigos em stock"
  },
  {
    "game": "Anachrony EN",
    "from": "jogonamesa",
    "newPrice": "48.36",
    "newStock": "em 23 dias",
    "oldPrice": "52.31",
    "oldStock": "em 18 dias"
  },
  {
    "game": "Anachrony EN",
    "from": "dracotienda",
    "newPrice": "64.95",
    "newStock": "  fuera de stock",
    "oldPrice": "64.95",
    "oldStock": "fuera de stock"
  },
  {
    "game": "Anachrony EN",
    "from": "amazon",
    "newPrice": "",
    "newStock": "",
    "oldPrice": "96.99",
    "oldStock": "em stock"
  },
  {
    "game": "Anachrony ES",
    "from": "dracotienda",
    "newPrice": "58.50",
    "newStock": "  disponible",
    "oldPrice": "58.50",
    "oldStock": "disponible"
  },
  {
    "game": "Anachrony ES",
    "from": "juegosdelamesaredonda",
    "newPrice": "48.71",
    "newStock": "en reposicin",
    "oldPrice": "55.21",
    "oldStock": "en reposicin"
  },
  {
    "game": "Architects of the West Kingdom",
    "from": "kultgames",
    "newPrice": "67.95",
    "newStock": "in stock",
    "oldPrice": "59.95",
    "oldStock": "in stock"
  },
  {
    "game": "Architects of the West Kingdom",
    "from": "versusgamecenter",
    "newPrice": "",
    "newStock": "",
    "oldPrice": "53.90",
    "oldStock": "disponvel"
  },
  {
    "game": "Architects of the West Kingdom",
    "from": "gameplay",
    "newPrice": "59.95",
    "newStock": "em stock",
    "oldPrice": "59.95",
    "oldStock": "restock"
  },
  {
    "game": "Architects of the West Kingdom",
    "from": "arenaporto",
    "newPrice": "59.99",
    "newStock": " esgotado",
    "oldPrice": "59.99",
    "oldStock": "esgotado"
  },
  {
    "game": "Architects of the West Kingdom",
    "from": "jogonamesa",
    "newPrice": "40.87",
    "newStock": "em 22 dias",
    "oldPrice": "40.87",
    "oldStock": "em 17 dias"
  },
  {
    "game": "Architects of the West Kingdom",
    "from": "dracotienda",
    "newPrice": "64.99",
    "newStock": "  ltimas unidades en stock",
    "oldPrice": "55.00",
    "oldStock": "fuera de stock"
  },
  {
    "game": "Architects of the West Kingdom",
    "from": "ajogar",
    "newPrice": "44.90",
    "newStock": "adicionar ao carrinho",
    "oldPrice": "44.90",
    "oldStock": "esgotado"
  },
  {
    "game": "Architects of the West Kingdom",
    "from": "saltadacaixa",
    "newPrice": "67.95",
    "newStock": " em stock",
    "oldPrice": "54.95",
    "oldStock": "em stock"
  },
  {
    "game": "Architects of the West Kingdom",
    "from": "jubilantsunday",
    "newPrice": "45.14",
    "newStock": " esgotado",
    "oldPrice": "45.14",
    "oldStock": "em stock"
  },
  {
    "game": "Architects of the West Kingdom",
    "from": "amazon",
    "newPrice": "51.19",
    "newStock": "em stock",
    "oldPrice": "51.00",
    "oldStock": "em stock"
  },
  {
    "game": "Bärenpark",
    "from": "arenaporto",
    "newPrice": "43.99",
    "newStock": " esgotado",
    "oldPrice": "43.99",
    "oldStock": "esgotado"
  },
  {
    "game": "Bärenpark",
    "from": "jogonamesa",
    "newPrice": "34.53",
    "newStock": "em 23 dias",
    "oldPrice": "34.13",
    "oldStock": "em 31 dias"
  },
  {
    "game": "Bärenpark",
    "from": "amazon",
    "newPrice": "39.22",
    "newStock": "apenas 4 em stock",
    "oldPrice": "39.99",
    "oldStock": "apenas 1 em stock"
  },
  {
    "game": "Beez",
    "from": "gameplay",
    "newPrice": "44.95",
    "newStock": "ltima unidade em stock",
    "oldPrice": "44.95",
    "oldStock": "esgotado"
  },
  {
    "game": "Beez",
    "from": "jogonamesa",
    "newPrice": "32.97",
    "newStock": "esgotado",
    "oldPrice": "32.97",
    "oldStock": "em 31 dias"
  },
  {
    "game": "Beez",
    "from": "dracotienda",
    "newPrice": "39.99",
    "newStock": "  ltimas unidades en stock",
    "oldPrice": "39.99",
    "oldStock": "ltimas unidades en stock"
  },
  {
    "game": "Beez",
    "from": "amazon",
    "newPrice": "40.31",
    "newStock": "apenas 2 em stock",
    "oldPrice": "35.55",
    "oldStock": "apenas 3 em stock"
  },
  {
    "game": "Between Two Castles of Mad King Ludwig",
    "from": "gameplay",
    "newPrice": "45.95",
    "newStock": "ltima unidade em stock",
    "oldPrice": "45.95",
    "oldStock": "em stock"
  },
  {
    "game": "Between Two Castles of Mad King Ludwig",
    "from": "jogonamesa",
    "newPrice": "42.51",
    "newStock": "em 22 dias",
    "oldPrice": "37.72",
    "oldStock": "em 18 dias"
  },
  {
    "game": "Between Two Castles of Mad King Ludwig",
    "from": "saltadacaixa",
    "newPrice": "44.95",
    "newStock": " em stock",
    "oldPrice": "44.95",
    "oldStock": "em stock"
  },
  {
    "game": "Between Two Castles of Mad King Ludwig",
    "from": "amazon",
    "newPrice": "44.94",
    "newStock": "em stock",
    "oldPrice": "49.30",
    "oldStock": "apenas 3 em stock"
  },
  {
    "game": "Brass: Birmingham",
    "from": "gameplay",
    "newPrice": "84.95",
    "newStock": "em stock",
    "oldPrice": "74.95",
    "oldStock": "em stock"
  },
  {
    "game": "Brass: Birmingham",
    "from": "arenaporto",
    "newPrice": "79.99",
    "newStock": " esgotado",
    "oldPrice": "79.99",
    "oldStock": "esgotado"
  },
  {
    "game": "Brass: Birmingham",
    "from": "jogonamesa",
    "newPrice": "54.74",
    "newStock": "em 22 dias",
    "oldPrice": "54.74",
    "oldStock": "em 17 dias"
  },
  {
    "game": "Brass: Birmingham",
    "from": "dracotienda",
    "newPrice": "54.00",
    "newStock": "  disponible",
    "oldPrice": "54.00",
    "oldStock": "disponible"
  },
  {
    "game": "Brass: Birmingham",
    "from": "saltadacaixa",
    "newPrice": "71.95",
    "newStock": "esgotado",
    "oldPrice": "71.95",
    "oldStock": "em stock"
  },
  {
    "game": "Café",
    "from": "arenaporto",
    "newPrice": "17.99",
    "newStock": " esgotado",
    "oldPrice": "17.99",
    "oldStock": "esgotado"
  },
  {
    "game": "Café",
    "from": "jogonamesa",
    "newPrice": "16.11",
    "newStock": "em 22 dias",
    "oldPrice": "16.11",
    "oldStock": "em 31 dias"
  },
  {
    "game": "Café",
    "from": "dracotienda",
    "newPrice": "18.00",
    "newStock": "  disponible",
    "oldPrice": "18.00",
    "oldStock": "disponible"
  },
  {
    "game": "Café",
    "from": "juegosdelamesaredonda",
    "newPrice": "18.66",
    "newStock": "en stock",
    "oldPrice": "16.96",
    "oldStock": "en reposicin"
  },
  {
    "game": "Café",
    "from": "saltadacaixa",
    "newPrice": "17.95",
    "newStock": " em stock",
    "oldPrice": "17.95",
    "oldStock": "em stock"
  },
  {
    "game": "Camel Up 2nd ENG e outras",
    "from": "gameplay",
    "newPrice": "42.95",
    "newStock": "ltima unidade em stock",
    "oldPrice": "40.95",
    "oldStock": "esgotado"
  },
  {
    "game": "Camel Up 2nd ENG e outras",
    "from": "jogonamesa",
    "newPrice": "40.00",
    "newStock": "imediata",
    "oldPrice": "38.00",
    "oldStock": "imediata"
  },
  {
    "game": "Camel Up 2nd ENG e outras",
    "from": "dracotienda",
    "newPrice": "40.45",
    "newStock": "  disponible",
    "oldPrice": "40.45",
    "oldStock": "fuera de stock"
  },
  {
    "game": "Camel Up 2nd ENG e outras",
    "from": "juegosdelamesaredonda",
    "newPrice": "40.41",
    "newStock": "en stock",
    "oldPrice": "40.41",
    "oldStock": "en reposicin"
  },
  {
    "game": "Century: Spice Road",
    "from": "gameplay",
    "newPrice": "39.99",
    "newStock": "esgotado",
    "oldPrice": "39.99",
    "oldStock": "ltima unidade em stock"
  },
  {
    "game": "Century: Spice Road",
    "from": "amazon",
    "newPrice": "40.05",
    "newStock": "em stock",
    "oldPrice": "41.79",
    "oldStock": "em stock"
  },
  {
    "game": "Citadels 2nd",
    "from": "kultgames",
    "newPrice": "39.95",
    "newStock": "delivery in 1 to 2 weeks time",
    "oldPrice": "39.95",
    "oldStock": "in stock"
  },
  {
    "game": "Citadels 2nd",
    "from": "versusgamecenter",
    "newPrice": "",
    "newStock": "",
    "oldPrice": "35.90",
    "oldStock": "temporariamente esgotado"
  },
  {
    "game": "Citadels 2nd",
    "from": "gameplay",
    "newPrice": "34.95",
    "newStock": "em stock",
    "oldPrice": "34.95",
    "oldStock": "restock"
  },
  {
    "game": "Citadels 2nd",
    "from": "arenaporto",
    "newPrice": "49.19",
    "newStock": " esgotado",
    "oldPrice": "49.19",
    "oldStock": "esgotado"
  },
  {
    "game": "Citadels 2nd",
    "from": "jogonamesa",
    "newPrice": "33.35",
    "newStock": "em 23 dias",
    "oldPrice": "30.58",
    "oldStock": "esgotado"
  },
  {
    "game": "Citadels 2nd",
    "from": "jubilantsunday",
    "newPrice": "29.95",
    "newStock": " em stock",
    "oldPrice": "29.95",
    "oldStock": "em stock"
  },
  {
    "game": "Citadels 2nd",
    "from": "amazon",
    "newPrice": "70.09",
    "newStock": "em stock",
    "oldPrice": "63.34",
    "oldStock": "em stock"
  },
  {
    "game": "Coimbra",
    "from": "arenaporto",
    "newPrice": "43.69",
    "newStock": " esgotado",
    "oldPrice": "43.69",
    "oldStock": "esgotado"
  },
  {
    "game": "Crisis",
    "from": "jogonamesa",
    "newPrice": "58.22",
    "newStock": "em 30 dias",
    "oldPrice": "45.97",
    "oldStock": "esgotado"
  },
  {
    "game": "Cubitos",
    "from": "gameplay",
    "newPrice": "63.99",
    "newStock": "restock",
    "oldPrice": "53.95",
    "oldStock": "restock"
  },
  {
    "game": "Cubitos",
    "from": "arenaporto",
    "newPrice": "64.99",
    "newStock": " esgotado",
    "oldPrice": "64.99",
    "oldStock": "esgotado"
  },
  {
    "game": "Cubitos",
    "from": "jogonamesa",
    "newPrice": "45.93",
    "newStock": "esgotado",
    "oldPrice": "47.79",
    "oldStock": "em 18 dias"
  },
  {
    "game": "Cubitos",
    "from": "dracotienda",
    "newPrice": "49.50",
    "newStock": "  disponible",
    "oldPrice": "49.50",
    "oldStock": "disponible"
  },
  {
    "game": "Cubitos",
    "from": "gglounge",
    "newPrice": "59.90",
    "newStock": "only 1 left in stock",
    "oldPrice": "59.90",
    "oldStock": "out of stock"
  },
  {
    "game": "Cubitos",
    "from": "saltadacaixa",
    "newPrice": "54.95",
    "newStock": "esgotado",
    "oldPrice": "54.95",
    "oldStock": "em stock"
  },
  {
    "game": "Divvy Dice",
    "from": "gameplay",
    "newPrice": "13.99",
    "newStock": "ltima unidade em stock",
    "oldPrice": "12.50",
    "oldStock": "ltima unidade em stock"
  },
  {
    "game": "Divvy Dice",
    "from": "jogonamesa",
    "newPrice": "11.26",
    "newStock": "em 9 dias",
    "oldPrice": "11.51",
    "oldStock": "em 46 dias"
  },
  {
    "game": "Everdell",
    "from": "versusgamecenter",
    "newPrice": "",
    "newStock": "",
    "oldPrice": "69.90",
    "oldStock": "disponvel"
  },
  {
    "game": "Everdell",
    "from": "gameplay",
    "newPrice": "54.99",
    "newStock": "em stock",
    "oldPrice": "54.99",
    "oldStock": "restock"
  },
  {
    "game": "Everdell",
    "from": "arenaporto",
    "newPrice": "74.99",
    "newStock": " ltimos artigos em stock",
    "oldPrice": "74.99",
    "oldStock": "ltimos artigos em stock"
  },
  {
    "game": "Everdell",
    "from": "jogonamesa",
    "newPrice": "51.28",
    "newStock": "em 22 dias",
    "oldPrice": "51.28",
    "oldStock": "em 17 dias"
  },
  {
    "game": "Everdell",
    "from": "gglounge",
    "newPrice": "62.90",
    "newStock": "out of stock",
    "oldPrice": "62.90",
    "oldStock": "only 2 left in stock"
  },
  {
    "game": "Everdell",
    "from": "saltadacaixa",
    "newPrice": "54.95",
    "newStock": " em stock  ",
    "oldPrice": "54.95",
    "oldStock": "em stock"
  },
  {
    "game": "Everdell",
    "from": "amazon",
    "newPrice": "62.29",
    "newStock": "em stock",
    "oldPrice": "61.97",
    "oldStock": "apenas 5 em stock"
  },
  {
    "game": "Evolution: Climate",
    "from": "gameplay",
    "newPrice": "65.99",
    "newStock": "em stock",
    "oldPrice": "65.99",
    "oldStock": "ltima unidade em stock"
  },
  {
    "game": "Evolution: Climate",
    "from": "jogonamesa",
    "newPrice": "57.73",
    "newStock": "esgotado",
    "oldPrice": "57.57",
    "oldStock": "esgotado"
  },
  {
    "game": "Evolution: Climate",
    "from": "gglounge",
    "newPrice": "46.90",
    "newStock": "only 1 left in stock",
    "oldPrice": "46.90",
    "oldStock": "only 2 left in stock"
  },
  {
    "game": "Evolution: Climate",
    "from": "amazon",
    "newPrice": "",
    "newStock": "",
    "oldPrice": "83.61",
    "oldStock": "em stock"
  },
  {
    "game": "Fairy Tale",
    "from": "dracotienda",
    "newPrice": "19.95",
    "newStock": "  ltimas unidades en stock",
    "oldPrice": "19.95",
    "oldStock": "ltimas unidades en stock"
  },
  {
    "game": "Imhotep",
    "from": "gameplay",
    "newPrice": "39.99",
    "newStock": "ltima unidade em stock",
    "oldPrice": "39.99",
    "oldStock": "em stock"
  },
  {
    "game": "Imhotep",
    "from": "amazon",
    "newPrice": "37.01",
    "newStock": "em stock",
    "oldPrice": "35.97",
    "oldStock": "em stock"
  },
  {
    "game": "Imperium: Classics",
    "from": "versusgamecenter",
    "newPrice": "",
    "newStock": "",
    "oldPrice": "39.90",
    "oldStock": "disponvel"
  },
  {
    "game": "Imperium: Classics",
    "from": "jogonamesa",
    "newPrice": "33.94",
    "newStock": "em 30 dias",
    "oldPrice": "31.06",
    "oldStock": "em 18 dias"
  },
  {
    "game": "Imperium: Classics",
    "from": "dracotienda",
    "newPrice": "39.95",
    "newStock": "  ltimas unidades en stock",
    "oldPrice": "39.95",
    "oldStock": "ltimas unidades en stock"
  },
  {
    "game": "Imperium: Classics",
    "from": "juegosdelamesaredonda",
    "newPrice": "35.95",
    "newStock": "en reposicin",
    "oldPrice": "32.36",
    "oldStock": "en stock"
  },
  {
    "game": "Juicy Fruits",
    "from": "jogonamesa",
    "newPrice": "30.04",
    "newStock": "em 9 dias",
    "oldPrice": "30.04",
    "oldStock": "em 46 dias"
  },
  {
    "game": "Kingdomino",
    "from": "arenaporto",
    "newPrice": "24.59",
    "newStock": " esgotado",
    "oldPrice": "24.59",
    "oldStock": "esgotado"
  },
  {
    "game": "Kingdomino",
    "from": "jogonamesa",
    "newPrice": "19.00",
    "newStock": "imediata",
    "oldPrice": "18.50",
    "oldStock": "imediata"
  },
  {
    "game": "Kingdomino",
    "from": "dracotienda",
    "newPrice": "17.95",
    "newStock": "  disponible",
    "oldPrice": "17.95",
    "oldStock": "disponible"
  },
  {
    "game": "Kingdomino",
    "from": "saltadacaixa",
    "newPrice": "21.95",
    "newStock": " em stock  ",
    "oldPrice": "21.95",
    "oldStock": "em stock"
  },
  {
    "game": "Kingdomino",
    "from": "amazon",
    "newPrice": "24.57",
    "newStock": "em stock",
    "oldPrice": "24.99",
    "oldStock": "em stock"
  },
  {
    "game": "Last Will",
    "from": "jogonamesa",
    "newPrice": "31.09",
    "newStock": "em 22 dias",
    "oldPrice": "32.51",
    "oldStock": "em 17 dias"
  },
  {
    "game": "Last Will",
    "from": "dracotienda",
    "newPrice": "37.95",
    "newStock": "  fuera de stock",
    "oldPrice": "37.95",
    "oldStock": "ltimas unidades en stock"
  },
  {
    "game": "Last Will",
    "from": "saltadacaixa",
    "newPrice": "35.95",
    "newStock": " em stock  ",
    "oldPrice": "35.95",
    "oldStock": "em stock"
  },
  {
    "game": "Linko!",
    "from": "jogonamesa",
    "newPrice": "10.47",
    "newStock": "em 22 dias",
    "oldPrice": "10.09",
    "oldStock": "em 17 dias"
  },
  {
    "game": "Love Letter",
    "from": "versusgamecenter",
    "newPrice": "",
    "newStock": "",
    "oldPrice": "15.90",
    "oldStock": "disponvel"
  },
  {
    "game": "Love Letter",
    "from": "gameplay",
    "newPrice": "18.95",
    "newStock": "em stock",
    "oldPrice": "13.95",
    "oldStock": "em stock"
  },
  {
    "game": "Love Letter",
    "from": "gglounge",
    "newPrice": "13.90",
    "newStock": "only 2 left in stock",
    "oldPrice": "13.90",
    "oldStock": "only 3 left in stock"
  },
  {
    "game": "Love Letter",
    "from": "diver",
    "newPrice": "18.99",
    "newStock": "disponvel",
    "oldPrice": "15.99",
    "oldStock": "encomenda ao fornecedor"
  },
  {
    "game": "Love Letter",
    "from": "saltadacaixa",
    "newPrice": "16.95",
    "newStock": " em stock",
    "oldPrice": "15.95",
    "oldStock": "em stock"
  },
  {
    "game": "Luxor",
    "from": "versusgamecenter",
    "newPrice": "",
    "newStock": "",
    "oldPrice": "44.90",
    "oldStock": "temporariamente esgotado"
  },
  {
    "game": "Luxor",
    "from": "gameplay",
    "newPrice": "44.99",
    "newStock": "esgotado",
    "oldPrice": "43.64",
    "oldStock": "esgotado"
  },
  {
    "game": "Luxor",
    "from": "dracotienda",
    "newPrice": "36.95",
    "newStock": "  fuera de stock",
    "oldPrice": "36.95",
    "oldStock": "fuera de stock"
  },
  {
    "game": "New York 1901",
    "from": "arenaporto",
    "newPrice": "26.24",
    "newStock": " esgotado",
    "oldPrice": "26.24",
    "oldStock": "esgotado"
  },
  {
    "game": "New York 1901",
    "from": "dracotienda",
    "newPrice": "31.50",
    "newStock": "  disponible",
    "oldPrice": "31.50",
    "oldStock": "disponible"
  },
  {
    "game": "New York 1901",
    "from": "saltadacaixa",
    "newPrice": "34.95",
    "newStock": " em stock  ",
    "oldPrice": "34.95",
    "oldStock": "em stock"
  },
  {
    "game": "New York 1901",
    "from": "amazon",
    "newPrice": "54.10",
    "newStock": "produto sob pedido",
    "oldPrice": "50.71",
    "oldStock": "produto sob pedido"
  },
  {
    "game": "Oceans",
    "from": "jogonamesa",
    "newPrice": "50.70",
    "newStock": "esgotado",
    "oldPrice": "43.34",
    "oldStock": "esgotado"
  },
  {
    "game": "Oceans",
    "from": "dracotienda",
    "newPrice": "53.98",
    "newStock": "  disponible",
    "oldPrice": "53.98",
    "oldStock": "ltimas unidades en stock"
  },
  {
    "game": "Oceans",
    "from": "gglounge",
    "newPrice": "38.90",
    "newStock": "out of stock",
    "oldPrice": "38.90",
    "oldStock": "only 1 left in stock"
  },
  {
    "game": "Oceans Deluxe",
    "from": "gameplay",
    "newPrice": "95.90",
    "newStock": "ltima unidade em stock",
    "oldPrice": "95.90",
    "oldStock": "em stock"
  },
  {
    "game": "Oh My Goods!",
    "from": "dracotienda",
    "newPrice": "12.99",
    "newStock": "  disponible",
    "oldPrice": "12.99",
    "oldStock": "disponible"
  },
  {
    "game": "Oh My Goods!",
    "from": "ajogar",
    "newPrice": "10.90",
    "newStock": "esgotado",
    "oldPrice": "10.90",
    "oldStock": "adicionar ao carrinho"
  },
  {
    "game": "Oh My Goods!",
    "from": "saltadacaixa",
    "newPrice": "14.95",
    "newStock": "esgotado",
    "oldPrice": "14.95",
    "oldStock": "em stock"
  },
  {
    "game": "Oh My Goods!",
    "from": "amazon",
    "newPrice": "12.34",
    "newStock": "apenas 2 em stock mais a caminho",
    "oldPrice": "12.34",
    "oldStock": "em stock"
  },
  {
    "game": "Orléans",
    "from": "arenaporto",
    "newPrice": "59.99",
    "newStock": " esgotado",
    "oldPrice": "59.99",
    "oldStock": "esgotado"
  },
  {
    "game": "Orléans",
    "from": "jogonamesa",
    "newPrice": "42.00",
    "newStock": "imediata",
    "oldPrice": "39.45",
    "oldStock": "em 17 dias"
  },
  {
    "game": "Orléans",
    "from": "dracotienda",
    "newPrice": "44.95",
    "newStock": "  ltimas unidades en stock",
    "oldPrice": "44.95",
    "oldStock": "ltimas unidades en stock"
  },
  {
    "game": "Orléans",
    "from": "saltadacaixa",
    "newPrice": "49.95",
    "newStock": " em stock",
    "oldPrice": "49.95",
    "oldStock": "em stock"
  },
  {
    "game": "PARKS",
    "from": "jogonamesa",
    "newPrice": "48.00",
    "newStock": "imediata",
    "oldPrice": "44.30",
    "oldStock": "esgotado"
  },
  {
    "game": "PARKS",
    "from": "gglounge",
    "newPrice": "53.90",
    "newStock": "out of stock",
    "oldPrice": "53.90",
    "oldStock": "only 2 left in stock"
  },
  {
    "game": "PARKS",
    "from": "saltadacaixa",
    "newPrice": "53.95",
    "newStock": "esgotado",
    "oldPrice": "53.95",
    "oldStock": "em stock"
  },
  {
    "game": "PARKS",
    "from": "amazon",
    "newPrice": "49.62",
    "newStock": "apenas 1 em stock",
    "oldPrice": "64.90",
    "oldStock": "apenas 5 em stock"
  },
  {
    "game": "Pipeline",
    "from": "arenaporto",
    "newPrice": "74.99",
    "newStock": " ltimos artigos em stock",
    "oldPrice": "74.99",
    "oldStock": "ltimos artigos em stock"
  },
  {
    "game": "Pipeline",
    "from": "jogonamesa",
    "newPrice": "59.25",
    "newStock": "esgotado",
    "oldPrice": "60.34",
    "oldStock": "em 18 dias"
  },
  {
    "game": "Pipeline",
    "from": "dracotienda",
    "newPrice": "46.79",
    "newStock": "  fuera de stock",
    "oldPrice": "46.79",
    "oldStock": "fuera de stock"
  },
  {
    "game": "Pipeline",
    "from": "jubilantsunday",
    "newPrice": "56.99",
    "newStock": " esgotado",
    "oldPrice": "56.99",
    "oldStock": "esgotado"
  },
  {
    "game": "Railroad Ink: Deep Blue Edition",
    "from": "arenaporto",
    "newPrice": "19.99",
    "newStock": " esgotado",
    "oldPrice": "19.99",
    "oldStock": "esgotado"
  },
  {
    "game": "Railroad Ink: Deep Blue Edition",
    "from": "jogonamesa",
    "newPrice": "18.84",
    "newStock": "em 30 dias",
    "oldPrice": "18.84",
    "oldStock": "em 18 dias"
  },
  {
    "game": "Railroad Ink: Deep Blue Edition",
    "from": "dracotienda",
    "newPrice": "14.99",
    "newStock": "  disponible",
    "oldPrice": "14.99",
    "oldStock": "disponible"
  },
  {
    "game": "Railroad Ink: Deep Blue Edition",
    "from": "saltadacaixa",
    "newPrice": "19.95",
    "newStock": " em stock  ",
    "oldPrice": "19.35",
    "oldStock": "em stock"
  },
  {
    "game": "Res Arcana",
    "from": "gameplay",
    "newPrice": "39.95",
    "newStock": "em stock",
    "oldPrice": "38.95",
    "oldStock": "em stock"
  },
  {
    "game": "Res Arcana",
    "from": "jogonamesa",
    "newPrice": "33.80",
    "newStock": "esgotado",
    "oldPrice": "29.07",
    "oldStock": "esgotado"
  },
  {
    "game": "Res Arcana",
    "from": "amazon",
    "newPrice": "45.51",
    "newStock": "estimativa de envio de 3 a 4 dias",
    "oldPrice": "37.84",
    "oldStock": "apenas 1 em stock"
  },
  {
    "game": "Roll for the Galaxy",
    "from": "versusgamecenter",
    "newPrice": "",
    "newStock": "",
    "oldPrice": "61.90",
    "oldStock": "disponvel"
  },
  {
    "game": "Roll for the Galaxy",
    "from": "arenaporto",
    "newPrice": "62.99",
    "newStock": " ltimos artigos em stock",
    "oldPrice": "62.99",
    "oldStock": "ltimos artigos em stock"
  },
  {
    "game": "Roll for the Galaxy",
    "from": "jogonamesa",
    "newPrice": "50.34",
    "newStock": "em 22 dias",
    "oldPrice": "48.69",
    "oldStock": "em 31 dias"
  },
  {
    "game": "Roll for the Galaxy",
    "from": "dracotienda",
    "newPrice": "59.99",
    "newStock": "  ltimas unidades en stock",
    "oldPrice": "52.95",
    "oldStock": "ltimas unidades en stock"
  },
  {
    "game": "Roll for the Galaxy",
    "from": "gglounge",
    "newPrice": "58.90",
    "newStock": "out of stock",
    "oldPrice": "58.90",
    "oldStock": "only 1 left in stock"
  },
  {
    "game": "Royals",
    "from": "jogonamesa",
    "newPrice": "42.02",
    "newStock": "esgotado",
    "oldPrice": "45.19",
    "oldStock": "em 17 dias"
  },
  {
    "game": "Silver & Gold",
    "from": "gameplay",
    "newPrice": "12.99",
    "newStock": "em stock",
    "oldPrice": "11.95",
    "oldStock": "em stock"
  },
  {
    "game": "Silver & Gold",
    "from": "jogonamesa",
    "newPrice": "10.72",
    "newStock": "esgotado",
    "oldPrice": "16.03",
    "oldStock": "esgotado"
  },
  {
    "game": "Silver & Gold",
    "from": "saltadacaixa",
    "newPrice": "20.95",
    "newStock": " em stock",
    "oldPrice": "20.95",
    "oldStock": "em stock"
  },
  {
    "game": "Silver & Gold",
    "from": "amazon",
    "newPrice": "11.19",
    "newStock": "em stock",
    "oldPrice": "16.97",
    "oldStock": "apenas 4 em stock"
  },
  {
    "game": "Splendor Marvel",
    "from": "versusgamecenter",
    "newPrice": "",
    "newStock": "",
    "oldPrice": "37.90",
    "oldStock": "disponvel"
  },
  {
    "game": "Splendor Marvel",
    "from": "gameplay",
    "newPrice": "39.95",
    "newStock": "em stock",
    "oldPrice": "39.95",
    "oldStock": "restock"
  },
  {
    "game": "Splendor Marvel",
    "from": "arenaporto",
    "newPrice": "39.99",
    "newStock": " esgotado",
    "oldPrice": "39.99",
    "oldStock": "esgotado"
  },
  {
    "game": "Splendor Marvel",
    "from": "jogonamesa",
    "newPrice": "31.86",
    "newStock": "em 23 dias",
    "oldPrice": "31.21",
    "oldStock": "em 31 dias"
  },
  {
    "game": "Splendor Marvel",
    "from": "dracotienda",
    "newPrice": "34.95",
    "newStock": "  fuera de stock",
    "oldPrice": "34.95",
    "oldStock": "fuera de stock"
  },
  {
    "game": "Splendor Marvel",
    "from": "saltadacaixa",
    "newPrice": "39.95",
    "newStock": " em stock",
    "oldPrice": "39.95",
    "oldStock": "em stock"
  },
  {
    "game": "Splendor Marvel",
    "from": "jubilantsunday",
    "newPrice": "28.30",
    "newStock": " em stock",
    "oldPrice": "28.30",
    "oldStock": "em stock"
  },
  {
    "game": "Steam Park",
    "from": "dracotienda",
    "newPrice": "39.95",
    "newStock": "  fuera de stock",
    "oldPrice": "39.95",
    "oldStock": "fuera de stock"
  },
  {
    "game": "Stone Age",
    "from": "kultgames",
    "newPrice": "59.95",
    "newStock": "delivery in 1 to 2 weeks time",
    "oldPrice": "59.95",
    "oldStock": "in stock"
  },
  {
    "game": "Stone Age",
    "from": "gameplay",
    "newPrice": "44.99",
    "newStock": "restock",
    "oldPrice": "43.65",
    "oldStock": "em stock"
  },
  {
    "game": "Stone Age",
    "from": "jogonamesa",
    "newPrice": "42.00",
    "newStock": "imediata",
    "oldPrice": "41.00",
    "oldStock": "imediata"
  },
  {
    "game": "Stone Age",
    "from": "dracotienda",
    "newPrice": "40.50",
    "newStock": "  disponible",
    "oldPrice": "40.50",
    "oldStock": "disponible"
  },
  {
    "game": "Stone Age",
    "from": "diver",
    "newPrice": "40.49",
    "newStock": "esgotado",
    "oldPrice": "40.49",
    "oldStock": "disponivel"
  },
  {
    "game": "Stone Age",
    "from": "saltadacaixa",
    "newPrice": "44.95",
    "newStock": " em stock  ",
    "oldPrice": "44.95",
    "oldStock": "por encomenda"
  },
  {
    "game": "Strike",
    "from": "jogonamesa",
    "newPrice": "16.16",
    "newStock": "esgotado",
    "oldPrice": "16.16",
    "oldStock": "em 31 dias"
  },
  {
    "game": "Thanos Rising: Avengers Infinity War",
    "from": "dracotienda",
    "newPrice": "49.95",
    "newStock": "  fuera de stock",
    "oldPrice": "49.95",
    "oldStock": "fuera de stock"
  },
  {
    "game": "Thanos Rising: Avengers Infinity War",
    "from": "jubilantsunday",
    "newPrice": "44.64",
    "newStock": " em stock",
    "oldPrice": "44.64",
    "oldStock": "em stock"
  },
  {
    "game": "The Mind",
    "from": "gameplay",
    "newPrice": "9.95",
    "newStock": "em stock",
    "oldPrice": "9.95",
    "oldStock": "restock"
  },
  {
    "game": "The Mind",
    "from": "saltadacaixa",
    "newPrice": "13.95",
    "newStock": "esgotado",
    "oldPrice": "12.95",
    "oldStock": "esgotado"
  },
  {
    "game": "The Quacks of Quedlinburg: The Herb Witches",
    "from": "jogonamesa",
    "newPrice": "21.03",
    "newStock": "em 30 dias",
    "oldPrice": "21.03",
    "oldStock": "em 18 dias"
  },
  {
    "game": "The Quacks of Quedlinburg: The Herb Witches",
    "from": "gglounge",
    "newPrice": "24.90",
    "newStock": "out of stock",
    "oldPrice": "24.90",
    "oldStock": "only 1 left in stock"
  },
  {
    "game": "The Quacks of Quedlinburg: The Herb Witches",
    "from": "amazon",
    "newPrice": "",
    "newStock": "",
    "oldPrice": "31.50",
    "oldStock": "apenas 1 em stock"
  },
  {
    "game": "The Quest for El Dorado",
    "from": "gameplay",
    "newPrice": "42.99",
    "newStock": "restock",
    "oldPrice": "42.99",
    "oldStock": "em stock"
  },
  {
    "game": "The Quest for El Dorado",
    "from": "jogonamesa",
    "newPrice": "31.00",
    "newStock": "em 9 dias",
    "oldPrice": "38.58",
    "oldStock": "em 46 dias"
  },
  {
    "game": "The Quest for El Dorado",
    "from": "amazon",
    "newPrice": "34.99",
    "newStock": "em stock",
    "oldPrice": "32.92",
    "oldStock": "em stock"
  },
  {
    "game": "Ticket to Ride: Europe",
    "from": "jogonamesa",
    "newPrice": "46.00",
    "newStock": "2 semanas",
    "oldPrice": "46.00",
    "oldStock": "imediata"
  },
  {
    "game": "Ticket to Ride: Europe",
    "from": "diver",
    "newPrice": "",
    "newStock": "",
    "oldPrice": "44.99",
    "oldStock": "encomenda ao fornecedor"
  },
  {
    "game": "Tokaido",
    "from": "gameplay",
    "newPrice": "42.99",
    "newStock": "em stock",
    "oldPrice": "42.99",
    "oldStock": "esgotado"
  },
  {
    "game": "Tokaido",
    "from": "arenaporto",
    "newPrice": "47.49",
    "newStock": " esgotado",
    "oldPrice": "47.49",
    "oldStock": "esgotado"
  },
  {
    "game": "Tokaido",
    "from": "jogonamesa",
    "newPrice": "31.71",
    "newStock": "esgotado",
    "oldPrice": "31.71",
    "oldStock": "em 46 dias"
  },
  {
    "game": "Tokaido",
    "from": "dracotienda",
    "newPrice": "34.99",
    "newStock": "  ltimas unidades en stock",
    "oldPrice": "34.99",
    "oldStock": "disponible"
  },
  {
    "game": "Viscounts of the West Kingdom",
    "from": "arenaporto",
    "newPrice": "59.99",
    "newStock": " esgotado",
    "oldPrice": "59.99",
    "oldStock": "esgotado"
  },
  {
    "game": "Viscounts of the West Kingdom",
    "from": "jogonamesa",
    "newPrice": "44.85",
    "newStock": "em 22 dias",
    "oldPrice": "44.85",
    "oldStock": "em 17 dias"
  },
  {
    "game": "Viscounts of the West Kingdom",
    "from": "dracotienda",
    "newPrice": "49.99",
    "newStock": "  fuera de stock",
    "oldPrice": "49.99",
    "oldStock": "fuera de stock"
  },
  {
    "game": "Viscounts of the West Kingdom",
    "from": "saltadacaixa",
    "newPrice": "55.95",
    "newStock": " em stock",
    "oldPrice": "55.95",
    "oldStock": "em stock"
  },
  {
    "game": "Alhambra EN",
    "from": "versusgamecenter",
    "newPrice": "",
    "newStock": "",
    "oldPrice": "39.90",
    "oldStock": "disponvel"
  },
  {
    "game": "Alhambra EN",
    "from": "arenaporto",
    "newPrice": "29.99",
    "newStock": " esgotado",
    "oldPrice": "29.99",
    "oldStock": "esgotado"
  },
  {
    "game": "Alhambra EN",
    "from": "dracotienda",
    "newPrice": "31.50",
    "newStock": "  disponible",
    "oldPrice": "31.50",
    "oldStock": "disponible"
  },
  {
    "game": "Alhambra EN",
    "from": "planetongames",
    "newPrice": "31.50",
    "newStock": "producto en stock",
    "oldPrice": "31.50",
    "oldStock": "ltimas unidades en stock"
  },
  {
    "game": "Alhambra EN",
    "from": "amazon",
    "newPrice": "",
    "newStock": "",
    "oldPrice": "35.00",
    "oldStock": "em stock"
  },
  {
    "game": "Alhambra PT",
    "from": "diver",
    "newPrice": "",
    "newStock": "",
    "oldPrice": "31.49",
    "oldStock": "disponvel"
  },
  {
    "game": "Altiplano",
    "from": "jogonamesa",
    "newPrice": "35.16",
    "newStock": "esgotado",
    "oldPrice": "38.50",
    "oldStock": "esgotado"
  },
  {
    "game": "Altiplano",
    "from": "diver",
    "newPrice": "",
    "newStock": "",
    "oldPrice": "74.99",
    "oldStock": "disponvel"
  },
  {
    "game": "Altiplano",
    "from": "dracotienda",
    "newPrice": "44.96",
    "newStock": "  fuera de stock",
    "oldPrice": "44.96",
    "oldStock": "fuera de stock"
  },
  {
    "game": "Altiplano",
    "from": "amazon",
    "newPrice": "47.45",
    "newStock": "em stock",
    "oldPrice": "47.45",
    "oldStock": "produto sob pedido"
  },
  {
    "game": "Arboretum",
    "from": "gameplay",
    "newPrice": "24.99",
    "newStock": "em stock",
    "oldPrice": "22.95",
    "oldStock": "em stock"
  },
  {
    "game": "Arboretum",
    "from": "arenaporto",
    "newPrice": "24.99",
    "newStock": "",
    "oldPrice": "24.99",
    "oldStock": "ltimos artigos em stock"
  },
  {
    "game": "Arboretum",
    "from": "jogonamesa",
    "newPrice": "22.77",
    "newStock": "em 30 dias",
    "oldPrice": "17.42",
    "oldStock": "esgotado"
  },
  {
    "game": "Arboretum",
    "from": "gglounge",
    "newPrice": "21.90",
    "newStock": "only 1 left in stock",
    "oldPrice": "21.50",
    "oldStock": "out of stock"
  },
  {
    "game": "Arboretum",
    "from": "dracotienda",
    "newPrice": "17.95",
    "newStock": "  disponible",
    "oldPrice": "17.95",
    "oldStock": "disponible"
  },
  {
    "game": "Arboretum",
    "from": "juegosdelamesaredonda",
    "newPrice": "17.95",
    "newStock": "en reposicin",
    "oldPrice": "17.95",
    "oldStock": "en stock"
  },
  {
    "game": "Arboretum",
    "from": "planetongames",
    "newPrice": "17.96",
    "newStock": "no disponible",
    "oldPrice": "17.96",
    "oldStock": "producto en stock"
  },
  {
    "game": "Arboretum",
    "from": "amazon",
    "newPrice": "26.24",
    "newStock": "em stock",
    "oldPrice": "24.93",
    "oldStock": "em stock"
  },
  {
    "game": "Bandida",
    "from": "gameplay",
    "newPrice": "15.99",
    "newStock": "em stock",
    "oldPrice": "13.99",
    "oldStock": "em stock"
  },
  {
    "game": "Bandida",
    "from": "jogonamesa",
    "newPrice": "",
    "newStock": "",
    "oldPrice": "9.46",
    "oldStock": "em 17 dias"
  },
  {
    "game": "Bandida",
    "from": "dracotienda",
    "newPrice": "12.99",
    "newStock": "  disponible",
    "oldPrice": "11.99",
    "oldStock": "disponible"
  },
  {
    "game": "Bandida",
    "from": "juegosdelamesaredonda",
    "newPrice": "11.25",
    "newStock": "en stock",
    "oldPrice": "10.35",
    "oldStock": "en stock"
  },
  {
    "game": "Broom Service",
    "from": "jogonamesa",
    "newPrice": "31.36",
    "newStock": "em 9 dias",
    "oldPrice": "31.36",
    "oldStock": "em 46 dias"
  },
  {
    "game": "Broom Service",
    "from": "dracotienda",
    "newPrice": "11.95",
    "newStock": "  disponible",
    "oldPrice": "11.95",
    "oldStock": "disponible"
  },
  {
    "game": "Bus",
    "from": "jubilantsunday",
    "newPrice": "73.87",
    "newStock": " esgotado",
    "oldPrice": "73.87",
    "oldStock": "esgotado"
  },
  {
    "game": "Cacao",
    "from": "jogonamesa",
    "newPrice": "23.53",
    "newStock": "em 9 dias",
    "oldPrice": "22.82",
    "oldStock": "em 46 dias"
  },
  {
    "game": "Cacao",
    "from": "dracotienda",
    "newPrice": "24.30",
    "newStock": "  ltimas unidades en stock",
    "oldPrice": "24.30",
    "oldStock": "ltimas unidades en stock"
  },
  {
    "game": "Cacao",
    "from": "saltadacaixa",
    "newPrice": "24.95",
    "newStock": " em stock",
    "oldPrice": "24.95",
    "oldStock": "em stock"
  },
  {
    "game": "Cartographers",
    "from": "gameplay",
    "newPrice": "29.95",
    "newStock": "em stock",
    "oldPrice": "24.95",
    "oldStock": "restock"
  },
  {
    "game": "Cartographers",
    "from": "jogonamesa",
    "newPrice": "25.85",
    "newStock": "esgotado",
    "oldPrice": "23.01",
    "oldStock": "esgotado"
  },
  {
    "game": "Cartographers",
    "from": "dracotienda",
    "newPrice": "25.99",
    "newStock": "  fuera de stock",
    "oldPrice": "25.99",
    "oldStock": "fuera de stock"
  },
  {
    "game": "Cartographers",
    "from": "jubilantsunday",
    "newPrice": "20.86",
    "newStock": " em stock",
    "oldPrice": "20.86",
    "oldStock": "em stock"
  },
  {
    "game": "Chinatown",
    "from": "gglounge",
    "newPrice": "53.90",
    "newStock": "out of stock",
    "oldPrice": "53.90",
    "oldStock": "only 1 left in stock"
  },
  {
    "game": "Chinatown",
    "from": "diver",
    "newPrice": "49.49",
    "newStock": "encomenda ao fornecedor",
    "oldPrice": "49.49",
    "oldStock": "disponvel"
  },
  {
    "game": "Chinatown",
    "from": "amazon",
    "newPrice": "",
    "newStock": "",
    "oldPrice": "53.38",
    "oldStock": "apenas 2 em stock"
  },
  {
    "game": "Chocolate Factory",
    "from": "arenaporto",
    "newPrice": "55.99",
    "newStock": " esgotado",
    "oldPrice": "55.99",
    "oldStock": "esgotado"
  },
  {
    "game": "Chocolate Factory",
    "from": "jogonamesa",
    "newPrice": "57.09",
    "newStock": "esgotado",
    "oldPrice": "43.18",
    "oldStock": "esgotado"
  },
  {
    "game": "Coffee Traders",
    "from": "dracotienda",
    "newPrice": "104.95",
    "newStock": "  fuera de stock",
    "oldPrice": "104.95",
    "oldStock": "fuera de stock"
  },
  {
    "game": "Coffee Traders",
    "from": "jubilantsunday",
    "newPrice": "93.19",
    "newStock": " em stock",
    "oldPrice": "93.19",
    "oldStock": "em stock"
  },
  {
    "game": "Concordia EN",
    "from": "versusgamecenter",
    "newPrice": "",
    "newStock": "",
    "oldPrice": "43.90",
    "oldStock": "disponvel"
  },
  {
    "game": "Concordia EN",
    "from": "gameplay",
    "newPrice": "44.95",
    "newStock": "em stock",
    "oldPrice": "44.95",
    "oldStock": "ltima unidade em stock"
  },
  {
    "game": "Concordia EN",
    "from": "arenaporto",
    "newPrice": "49.99",
    "newStock": " esgotado",
    "oldPrice": "49.99",
    "oldStock": "ltimos artigos em stock"
  },
  {
    "game": "Concordia EN",
    "from": "jogonamesa",
    "newPrice": "35.96",
    "newStock": "em 9 dias",
    "oldPrice": "37.23",
    "oldStock": "em 31 dias"
  },
  {
    "game": "Concordia EN",
    "from": "dracotienda",
    "newPrice": "39.95",
    "newStock": "  ltimas unidades en stock",
    "oldPrice": "39.95",
    "oldStock": "ltimas unidades en stock"
  },
  {
    "game": "Concordia EN",
    "from": "jubilantsunday",
    "newPrice": "38.60",
    "newStock": " esgotado",
    "oldPrice": "38.60",
    "oldStock": "em stock"
  },
  {
    "game": "Concordia PT",
    "from": "gameplay",
    "newPrice": "54.99",
    "newStock": "em stock",
    "oldPrice": "49.99",
    "oldStock": "restock"
  },
  {
    "game": "Coup",
    "from": "kultgames",
    "newPrice": "17.95",
    "newStock": "in stock",
    "oldPrice": "16.95",
    "oldStock": "in stock"
  },
  {
    "game": "Coup",
    "from": "versusgamecenter",
    "newPrice": "",
    "newStock": "",
    "oldPrice": "19.90",
    "oldStock": "disponvel"
  },
  {
    "game": "Coup",
    "from": "gameplay",
    "newPrice": "19.95",
    "newStock": "em stock",
    "oldPrice": "16.50",
    "oldStock": "ltima unidade em stock"
  },
  {
    "game": "Coup",
    "from": "arenaporto",
    "newPrice": "19.99",
    "newStock": " esgotado",
    "oldPrice": "19.99",
    "oldStock": "ltimos artigos em stock"
  },
  {
    "game": "Coup",
    "from": "jogonamesa",
    "newPrice": "16.75",
    "newStock": "esgotado",
    "oldPrice": "15.50",
    "oldStock": "imediata"
  },
  {
    "game": "Coup",
    "from": "jubilantsunday",
    "newPrice": "13.16",
    "newStock": " em stock",
    "oldPrice": "13.16",
    "oldStock": "em stock"
  },
  {
    "game": "Dice Throne: Season One ReRolled - Barbarian v. Moon Elf",
    "from": "gameplay",
    "newPrice": "36.99",
    "newStock": "restock",
    "oldPrice": "29.99",
    "oldStock": "restock"
  },
  {
    "game": "Dice Throne: Season One ReRolled - Barbarian v. Moon Elf",
    "from": "jogonamesa",
    "newPrice": "22.87",
    "newStock": "esgotado",
    "oldPrice": "27.85",
    "oldStock": "em 31 dias"
  },
  {
    "game": "Dice Throne: Season One ReRolled - Barbarian v. Moon Elf",
    "from": "juegosdelamesaredonda",
    "newPrice": "24.25",
    "newStock": "en reposicin",
    "oldPrice": "24.25",
    "oldStock": "en stock"
  },
  {
    "game": "Dice Throne: Season One ReRolled - Barbarian v. Moon Elf",
    "from": "jubilantsunday",
    "newPrice": "24.19",
    "newStock": " em stock",
    "oldPrice": "24.19",
    "oldStock": "em stock"
  },
  {
    "game": "Elysium",
    "from": "arenaporto",
    "newPrice": "63.95",
    "newStock": " esgotado",
    "oldPrice": "63.95",
    "oldStock": "esgotado"
  },
  {
    "game": "Endless Winter: Paleoamericans",
    "from": "jogonamesa",
    "newPrice": "60.12",
    "newStock": "esgotado",
    "oldPrice": "59.03",
    "oldStock": "esgotado"
  },
  {
    "game": "Fantasy Realms",
    "from": "kultgames",
    "newPrice": "22.50",
    "newStock": "delivery in 1 to 2 weeks time",
    "oldPrice": "22.50",
    "oldStock": "in stock"
  },
  {
    "game": "Fantasy Realms",
    "from": "gameplay",
    "newPrice": "26.99",
    "newStock": "em stock",
    "oldPrice": "23.95",
    "oldStock": "em stock"
  },
  {
    "game": "Fantasy Realms",
    "from": "arenaporto",
    "newPrice": "21.99",
    "newStock": " esgotado",
    "oldPrice": "21.99",
    "oldStock": "esgotado"
  },
  {
    "game": "Fantasy Realms",
    "from": "jogonamesa",
    "newPrice": "22.00",
    "newStock": "imediata",
    "oldPrice": "19.28",
    "oldStock": "esgotado"
  },
  {
    "game": "Flamme Rouge",
    "from": "gameplay",
    "newPrice": "40.99",
    "newStock": "ltima unidade em stock",
    "oldPrice": "40.99",
    "oldStock": "em stock"
  },
  {
    "game": "Flamme Rouge",
    "from": "arenaporto",
    "newPrice": "39.99",
    "newStock": " esgotado",
    "oldPrice": "39.99",
    "oldStock": "esgotado"
  },
  {
    "game": "Flamme Rouge",
    "from": "jogonamesa",
    "newPrice": "33.92",
    "newStock": "em 30 dias",
    "oldPrice": "33.92",
    "oldStock": "em 18 dias"
  },
  {
    "game": "Flamme Rouge",
    "from": "dracotienda",
    "newPrice": "27.95",
    "newStock": "  fuera de stock",
    "oldPrice": "27.95",
    "oldStock": "disponible"
  },
  {
    "game": "Flamme Rouge",
    "from": "amazon",
    "newPrice": "",
    "newStock": "",
    "oldPrice": "30.49",
    "oldStock": "em stock"
  },
  {
    "game": "Isle of Skye: From Chieftain to King",
    "from": "jogonamesa",
    "newPrice": "36.12",
    "newStock": "em 30 dias",
    "oldPrice": "31.96",
    "oldStock": "em 31 dias"
  },
  {
    "game": "Isle of Skye: From Chieftain to King",
    "from": "amazon",
    "newPrice": "32.34",
    "newStock": "apenas 5 em stock mais a caminho",
    "oldPrice": "30.72",
    "oldStock": "em stock"
  },
  {
    "game": "Long Shot: The Dice Game",
    "from": "jogonamesa",
    "newPrice": "29.05",
    "newStock": "esgotado",
    "oldPrice": "28.61",
    "oldStock": "esgotado"
  },
  {
    "game": "Long Shot: The Dice Game",
    "from": "gglounge",
    "newPrice": "29.90",
    "newStock": "no longer available for preordering",
    "oldPrice": "29.90",
    "oldStock": "only 2 left available for preordering"
  },
  {
    "game": "Monster Expedition",
    "from": "amazon",
    "newPrice": "",
    "newStock": "",
    "oldPrice": "25.96",
    "oldStock": "em stock"
  },
  {
    "game": "Paladins of the West Kingdom",
    "from": "gameplay",
    "newPrice": "62.95",
    "newStock": "em stock",
    "oldPrice": "59.95",
    "oldStock": "restock"
  },
  {
    "game": "Paladins of the West Kingdom",
    "from": "arenaporto",
    "newPrice": "73.79",
    "newStock": " ltimos artigos em stock",
    "oldPrice": "73.79",
    "oldStock": "ltimos artigos em stock"
  },
  {
    "game": "Paladins of the West Kingdom",
    "from": "jogonamesa",
    "newPrice": "53.00",
    "newStock": "esgotado",
    "oldPrice": "51.03",
    "oldStock": "esgotado"
  },
  {
    "game": "Paladins of the West Kingdom",
    "from": "saltadacaixa",
    "newPrice": "67.95",
    "newStock": " em stock",
    "oldPrice": "54.95",
    "oldStock": "esgotado"
  },
  {
    "game": "Paleo EN",
    "from": "diver",
    "newPrice": "58.49",
    "newStock": "esgotado em prencomenda",
    "oldPrice": "58.49",
    "oldStock": "disponvel"
  },
  {
    "game": "Paleo EN",
    "from": "amazon",
    "newPrice": "",
    "newStock": "",
    "oldPrice": "58.49",
    "oldStock": "apenas 2 em stock"
  },
  {
    "game": "Paleo PT",
    "from": "gameplay",
    "newPrice": "44.99",
    "newStock": "restock",
    "oldPrice": "44.99",
    "oldStock": "ltima unidade em stock"
  },
  {
    "game": "Paleo PT",
    "from": "arenaporto",
    "newPrice": "44.99",
    "newStock": " esgotado",
    "oldPrice": "44.99",
    "oldStock": "esgotado"
  },
  {
    "game": "Paleo PT",
    "from": "jogonamesa",
    "newPrice": "44.00",
    "newStock": "imediata",
    "oldPrice": "42.00",
    "oldStock": "imediata"
  },
  {
    "game": "Paleo PT",
    "from": "gglounge",
    "newPrice": "39.90",
    "newStock": "only 1 left in stock",
    "oldPrice": "39.90",
    "oldStock": "only 3 left in stock"
  },
  {
    "game": "Paleo PT",
    "from": "diver",
    "newPrice": "40.49",
    "newStock": "esgotado em prencomenda",
    "oldPrice": "40.49",
    "oldStock": "disponvel"
  },
  {
    "game": "Paleo PT",
    "from": "saltadacaixa",
    "newPrice": "44.95",
    "newStock": " em stock",
    "oldPrice": "44.95",
    "oldStock": "em stock"
  },
  {
    "game": "Point Salad",
    "from": "jubilantsunday",
    "newPrice": "17.79",
    "newStock": " em stock",
    "oldPrice": "17.79",
    "oldStock": "em stock"
  },
  {
    "game": "Red Rising",
    "from": "arenaporto",
    "newPrice": "44.99",
    "newStock": " ltimos artigos em stock",
    "oldPrice": "44.99",
    "oldStock": "ltimos artigos em stock"
  },
  {
    "game": "Red Rising",
    "from": "jogonamesa",
    "newPrice": "34.89",
    "newStock": "em 30 dias",
    "oldPrice": "34.89",
    "oldStock": "em 18 dias"
  },
  {
    "game": "Red Rising",
    "from": "saltadacaixa",
    "newPrice": "39.95",
    "newStock": " em stock",
    "oldPrice": "39.95",
    "oldStock": "em stock"
  },
  {
    "game": "Red Rising",
    "from": "amazon",
    "newPrice": "",
    "newStock": "",
    "oldPrice": "39.99",
    "oldStock": "apenas 1 em stock"
  },
  {
    "game": "The Colonists",
    "from": "amazon",
    "newPrice": "99.04",
    "newStock": "apenas 2 em stock",
    "oldPrice": "90.92",
    "oldStock": "apenas 1 em stock"
  },
  {
    "game": "The Isle of Cats",
    "from": "gameplay",
    "newPrice": "57.95",
    "newStock": "restock",
    "oldPrice": "57.95",
    "oldStock": "em stock"
  },
  {
    "game": "The Isle of Cats",
    "from": "arenaporto",
    "newPrice": "56.99",
    "newStock": " esgotado",
    "oldPrice": "56.99",
    "oldStock": "esgotado"
  },
  {
    "game": "The Isle of Cats",
    "from": "jogonamesa",
    "newPrice": "46.81",
    "newStock": "em 23 dias",
    "oldPrice": "48.00",
    "oldStock": "imediata"
  },
  {
    "game": "The Isle of Cats",
    "from": "dracotienda",
    "newPrice": "46.95",
    "newStock": "  fuera de stock",
    "oldPrice": "46.95",
    "oldStock": "fuera de stock"
  },
  {
    "game": "The Isle of Cats",
    "from": "ajogar",
    "newPrice": "49.90",
    "newStock": "adicionar ao carrinho",
    "oldPrice": "49.90",
    "oldStock": "esgotado"
  },
  {
    "game": "The One Hundred Torii",
    "from": "arenaporto",
    "newPrice": "44.99",
    "newStock": " esgotado",
    "oldPrice": "44.99",
    "oldStock": "esgotado"
  },
  {
    "game": "The One Hundred Torii",
    "from": "jogonamesa",
    "newPrice": "34.07",
    "newStock": "em 23 dias",
    "oldPrice": "33.60",
    "oldStock": "em 31 dias"
  },
  {
    "game": "The Red Cathedral",
    "from": "gameplay",
    "newPrice": "26.99",
    "newStock": "em stock",
    "oldPrice": "26.18",
    "oldStock": "em stock"
  },
  {
    "game": "The Red Cathedral",
    "from": "arenaporto",
    "newPrice": "26.99",
    "newStock": " ltimos artigos em stock",
    "oldPrice": "26.99",
    "oldStock": "ltimos artigos em stock"
  },
  {
    "game": "The Red Cathedral",
    "from": "ajogar",
    "newPrice": "",
    "newStock": "",
    "oldPrice": "26.99",
    "oldStock": "adicionar ao carrinho"
  },
  {
    "game": "The Red Cathedral",
    "from": "saltadacaixa",
    "newPrice": "29.95",
    "newStock": " em stock",
    "oldPrice": "26.95",
    "oldStock": "em stock"
  },
  {
    "game": "Villagers",
    "from": "gameplay",
    "newPrice": "31.99",
    "newStock": "em stock",
    "oldPrice": "26.90",
    "oldStock": "em stock"
  },
  {
    "game": "Villagers",
    "from": "arenaporto",
    "newPrice": "29.99",
    "newStock": " ltimos artigos em stock",
    "oldPrice": "28.49",
    "oldStock": "esgotado"
  },
  {
    "game": "Villagers",
    "from": "jogonamesa",
    "newPrice": "27.55",
    "newStock": "esgotado",
    "oldPrice": "24.60",
    "oldStock": "esgotado"
  }
]